Start testing: Aug 26 03:05 MSK
----------------------------------------------------------
1/1 Testing: Tester
1/1 Test: Tester
Command: "/Users/moeidheidari/Google_Drive/MACFlies/Projects/PANN/build/tests/tester"
Directory: /Users/moeidheidari/Google_Drive/MACFlies/Projects/PANN/build/tests
"Tester" start time: Aug 26 03:05 MSK
Output:
----------------------------------------------------------
<end of output>
Test time =   0.01 sec
----------------------------------------------------------
Test Passed.
"Tester" end time: Aug 26 03:05 MSK
"Tester" time elapsed: 00:00:00
----------------------------------------------------------

End testing: Aug 26 03:05 MSK
