Start testing: Aug 26 03:13 MSK
----------------------------------------------------------
1/1 Testing: Tester
1/1 Test: Tester
Command: "/Users/moeidheidari/Google_Drive/MACFlies/Projects/PANN/build/tests/tester"
Directory: /Users/moeidheidari/Google_Drive/MACFlies/Projects/PANN/build/tests
"Tester" start time: Aug 26 03:13 MSK
Output:
----------------------------------------------------------
libc++abi.dylib: terminating with uncaught exception of type std::runtime_error: /Users/moeidheidari/Google_Drive/MACFlies/Projects/PANN/tests/Maintest.cpp:8 in void runTest(): 112 != 114
<end of output>
Test time =   2.14 sec
----------------------------------------------------------
Test Failed.
"Tester" end time: Aug 26 03:13 MSK
"Tester" time elapsed: 00:00:02
----------------------------------------------------------

End testing: Aug 26 03:13 MSK
