<?xml version="1.0" encoding="UTF-8"?>
<Site BuildName="Darwin-clang++"
	BuildStamp="20200826-0005-Experimental"
	Name="Moeids-MacBook-Air.local"
	Generator="ctest-3.17.3"
	CompilerName="/usr/bin/clang++"
	CompilerVersion="11.0.3.11030032"
	OSName="Mac OS X"
	Hostname="Moeids-MacBook-Air.local"
	OSRelease="10.15.5"
	OSVersion="19F96"
	OSPlatform="x86_64"
	Is64Bits="1"
	VendorString="GenuineIntel"
	VendorID="Intel Corporation"
	FamilyID="6"
	ModelID="69"
	ProcessorCacheSize="32768"
	NumberOfLogicalCPU="4"
	NumberOfPhysicalCPU="2"
	TotalVirtualMemory="3072"
	TotalPhysicalMemory="4096"
	LogicalProcessorsPerPhysical="8"
	ProcessorClockFrequency="1300"
	>
	<Testing>
		<StartDateTime>Aug 26 03:13 MSK</StartDateTime>
		<StartTestTime>1598400824</StartTestTime>
		<TestList>
			<Test>./tests/Tester</Test>
		</TestList>
		<Test Status="failed">
			<Name>Tester</Name>
			<Path>./tests</Path>
			<FullName>./tests/Tester</FullName>
			<FullCommandLine>/Users/moeidheidari/Google_Drive/MACFlies/Projects/PANN/build/tests/tester</FullCommandLine>
			<Results>
				<NamedMeasurement type="text/string" name="Exit Code">
					<Value>Child aborted</Value>
				</NamedMeasurement>
				<NamedMeasurement type="text/string" name="Exit Value">
					<Value>0</Value>
				</NamedMeasurement>
				<NamedMeasurement type="numeric/double" name="Execution Time">
					<Value>2.13984</Value>
				</NamedMeasurement>
				<NamedMeasurement type="numeric/double" name="Processors">
					<Value>1</Value>
				</NamedMeasurement>
				<NamedMeasurement type="text/string" name="Completion Status">
					<Value>Completed</Value>
				</NamedMeasurement>
				<NamedMeasurement type="text/string" name="Command Line">
					<Value>/Users/moeidheidari/Google_Drive/MACFlies/Projects/PANN/build/tests/tester</Value>
				</NamedMeasurement>
				<Measurement>
					<Value>libc++abi.dylib: terminating with uncaught exception of type std::runtime_error: /Users/moeidheidari/Google_Drive/MACFlies/Projects/PANN/tests/Maintest.cpp:8 in void runTest(): 112 != 114
</Value>
				</Measurement>
			</Results>
		</Test>
		<EndDateTime>Aug 26 03:13 MSK</EndDateTime>
		<EndTestTime>1598400826</EndTestTime>
		<ElapsedMinutes>0</ElapsedMinutes>
	</Testing>
</Site>
